LottoNumGenerator/app/build/intermediates/manifest_merge_blame_file/debug/manifest-merger-blame-debug-report.txt
1<?xml version="1.0" encoding="utf-8"?>
2<manifest xmlns:android="http://schemas.android.com/apk/res/android"
3    package="com.example.lottonumgenerator"
4    android:versionCode="1"
5    android:versionName="1.0" >
6
7    <uses-sdk
8        android:minSdkVersion="19"
8-->src\main\AndroidManifest.xml
9        android:targetSdkVersion="30" />
9-->src\main\AndroidManifest.xml
10
11    <application
11-->src\main\AndroidManifest.xml:5:5-31:19
12        android:allowBackup="true"
12-->src\main\AndroidManifest.xml:6:9-35
13        android:appComponentFactory="androidx.core.app.CoreComponentFactory"
13-->[androidx.core:core:1.5.0] AndroidManifest.xml:24:18-86
14        android:debuggable="true"
15        android:icon="@mipmap/kr_lotto"
15-->src\main\AndroidManifest.xml:7:9-40
16        android:label="@string/app_name"
16-->src\main\AndroidManifest.xml:8:9-41
17        android:roundIcon="@mipmap/kr_lotto"
17-->src\main\AndroidManifest.xml:9:9-45
18        android:supportsRtl="true"
18-->src\main\AndroidManifest.xml:10:9-35
19        android:testOnly="true"
20        android:theme="@style/AppTheme" >
20-->src\main\AndroidManifest.xml:11:9-40
21
22        <!-- AppTheme.Result 테마지정 -->
23        <activity
23-->src\main\AndroidManifest.xml:13:9-15:63
24            android:name="com.example.lottonumgenerator.ResultActivity"
24-->src\main\AndroidManifest.xml:14:13-43
25            android:theme="@style/AppTheme.Result" />
25-->src\main\AndroidManifest.xml:15:13-51
26        <!-- AppTheme.Name 테마지정 -->
27        <activity
27-->src\main\AndroidManifest.xml:17:9-19:51
28            android:name="com.example.lottonumgenerator.NameActivity"
28-->src\main\AndroidManifest.xml:18:13-41
29            android:theme="@style/AppTheme.Name" />
29-->src\main\AndroidManifest.xml:19:13-49
30        <!-- AppTheme.Constellation 테마지정 -->
31        <activity
31-->src\main\AndroidManifest.xml:21:9-23:60
32            android:name="com.example.lottonumgenerator.ConstellationActivity"
32-->src\main\AndroidManifest.xml:22:13-50
33            android:theme="@style/AppTheme.Constellation" />
33-->src\main\AndroidManifest.xml:23:13-58
34        <activity android:name="com.example.lottonumgenerator.MainActivity" >
34-->src\main\AndroidManifest.xml:24:9-30:20
34-->src\main\AndroidManifest.xml:24:19-47
35            <intent-filter>
35-->src\main\AndroidManifest.xml:25:13-29:29
36                <action android:name="android.intent.action.MAIN" />
36-->src\main\AndroidManifest.xml:26:17-69
36-->src\main\AndroidManifest.xml:26:25-66
37
38                <category android:name="android.intent.category.LAUNCHER" />
38-->src\main\AndroidManifest.xml:28:17-77
38-->src\main\AndroidManifest.xml:28:27-74
39            </intent-filter>
40        </activity>
41    </application>
42
43</manifest>